<?xml version="1.0" encoding="UTF-8"?><testsuite errors="0" failures="0" name="com.lc.def.studentapp.studentinfo.studentCurdTest" skipped="0" tests="4" time="7.89" timestamp="2020-05-19 11:19:18"><testcase classname="com.lc.def.studentapp.studentinfo.studentCurdTest" name="This test will create a new student"/><testcase classname="com.lc.def.studentapp.studentinfo.studentCurdTest" name="Verify if the student was added to the application"/><testcase classname="com.lc.def.studentapp.studentinfo.studentCurdTest" name="Update the user information and verify the updated information"/><testcase classname="com.lc.def.studentapp.studentinfo.studentCurdTest" name="Delete the student and verify if the student is deleted!"/></testsuite>